Traceback (most recent call last):
  File "/Users/seanwalsh/Documents/Github-Mac-Laptop/philstatsbook/.venv/lib/python3.12/site-packages/jupyter_cache/executors/utils.py", line 58, in single_nb_execution
    executenb(
  File "/Users/seanwalsh/Documents/Github-Mac-Laptop/philstatsbook/.venv/lib/python3.12/site-packages/nbclient/client.py", line 1314, in execute
    return NotebookClient(nb=nb, resources=resources, km=km, **kwargs).execute()
           ^^^^^^^^^^^^^^^^^^^^^^^^^^^^^^^^^^^^^^^^^^^^^^^^^^^^^^^^^^^^^^^^^^^^^
  File "/Users/seanwalsh/Documents/Github-Mac-Laptop/philstatsbook/.venv/lib/python3.12/site-packages/jupyter_core/utils/__init__.py", line 165, in wrapped
    return loop.run_until_complete(inner)
           ^^^^^^^^^^^^^^^^^^^^^^^^^^^^^^
  File "/Library/Frameworks/Python.framework/Versions/3.12/lib/python3.12/asyncio/base_events.py", line 664, in run_until_complete
    return future.result()
           ^^^^^^^^^^^^^^^
  File "/Users/seanwalsh/Documents/Github-Mac-Laptop/philstatsbook/.venv/lib/python3.12/site-packages/nbclient/client.py", line 709, in async_execute
    await self.async_execute_cell(
  File "/Users/seanwalsh/Documents/Github-Mac-Laptop/philstatsbook/.venv/lib/python3.12/site-packages/nbclient/client.py", line 1062, in async_execute_cell
    await self._check_raise_for_error(cell, cell_index, exec_reply)
  File "/Users/seanwalsh/Documents/Github-Mac-Laptop/philstatsbook/.venv/lib/python3.12/site-packages/nbclient/client.py", line 918, in _check_raise_for_error
    raise CellExecutionError.from_cell_and_msg(cell, exec_reply_content)
nbclient.exceptions.CellExecutionError: An error occurred while executing the following cell:
------------------
# a simple data set built into the seaborn package

import seaborn as sns

tips = sns.load_dataset("tips")

print(tips)
------------------


[0;31m---------------------------------------------------------------------------[0m
[0;31mModuleNotFoundError[0m                       Traceback (most recent call last)
Cell [0;32mIn[2], line 3[0m
[1;32m      1[0m [38;5;66;03m# a simple data set built into the seaborn package[39;00m
[0;32m----> 3[0m [38;5;28;01mimport[39;00m [38;5;21;01mseaborn[39;00m [38;5;28;01mas[39;00m [38;5;21;01msns[39;00m
[1;32m      5[0m tips [38;5;241m=[39m sns[38;5;241m.[39mload_dataset([38;5;124m"[39m[38;5;124mtips[39m[38;5;124m"[39m)
[1;32m      7[0m [38;5;28mprint[39m(tips)

[0;31mModuleNotFoundError[0m: No module named 'seaborn'

