Traceback (most recent call last):
  File "/opt/anaconda3/lib/python3.11/site-packages/jupyter_cache/executors/utils.py", line 58, in single_nb_execution
    executenb(
  File "/opt/anaconda3/lib/python3.11/site-packages/nbclient/client.py", line 1305, in execute
    return NotebookClient(nb=nb, resources=resources, km=km, **kwargs).execute()
           ^^^^^^^^^^^^^^^^^^^^^^^^^^^^^^^^^^^^^^^^^^^^^^^^^^^^^^^^^^^^^^^^^^^^^
  File "/opt/anaconda3/lib/python3.11/site-packages/jupyter_core/utils/__init__.py", line 173, in wrapped
    return loop.run_until_complete(inner)
           ^^^^^^^^^^^^^^^^^^^^^^^^^^^^^^
  File "/opt/anaconda3/lib/python3.11/asyncio/base_events.py", line 653, in run_until_complete
    return future.result()
           ^^^^^^^^^^^^^^^
  File "/opt/anaconda3/lib/python3.11/site-packages/nbclient/client.py", line 705, in async_execute
    await self.async_execute_cell(
  File "/opt/anaconda3/lib/python3.11/site-packages/nbclient/client.py", line 1058, in async_execute_cell
    await self._check_raise_for_error(cell, cell_index, exec_reply)
  File "/opt/anaconda3/lib/python3.11/site-packages/nbclient/client.py", line 914, in _check_raise_for_error
    raise CellExecutionError.from_cell_and_msg(cell, exec_reply_content)
nbclient.exceptions.CellExecutionError: An error occurred while executing the following cell:
------------------
# Create a range
x = np.linspace(mu-2*sigma, mu+2*sigma, 100)

# Create the normal distribution for the range
y = norm.pdf(x, mu, sigma)
yavg = norm.pdf(x, mu, sigmaavg)
tavg = 1-norm.cdf(mu+x, mu, sigmaavg)+norm.cdf(mu-x, mu, sigmaavg)

# Create a figure with two subplots side by side
fig, axs = plt.subplots(1, 2, figsize=(10, 5))

# Plot the normal distribution on the left subplot
axs[0].plot(x, yavg, 'b')
axs[1].plot(x, tavg, 'b')
axs[1].set_xlim(0, mu+2*sigma)
axs[1].set_ylim(0, 1)    

# Plot the histogram on the right subplot
# axs[1].hist(data, bins=30, density=True, alpha=0.6, color='g')

# Set titles
axs[0].set_title('pdf of X̅_{%i}~N(%1.1f, %1.3f)' % (n, mu, varavg))
axs[1].set_title('probability of |X̅_{%i}-%1.1f|≥c' % (n, mu))
axs[1].set_xlabel('c')  # Add x-axis label

plt.show()
------------------


[0;31m---------------------------------------------------------------------------[0m
[0;31mNameError[0m                                 Traceback (most recent call last)
Cell [0;32mIn[6], line 5[0m
[1;32m      2[0m x [38;5;241m=[39m np[38;5;241m.[39mlinspace(mu[38;5;241m-[39m[38;5;241m2[39m[38;5;241m*[39msigma, mu[38;5;241m+[39m[38;5;241m2[39m[38;5;241m*[39msigma, [38;5;241m100[39m)
[1;32m      4[0m [38;5;66;03m# Create the normal distribution for the range[39;00m
[0;32m----> 5[0m y [38;5;241m=[39m norm[38;5;241m.[39mpdf(x, mu, sigma)
[1;32m      6[0m yavg [38;5;241m=[39m norm[38;5;241m.[39mpdf(x, mu, sigmaavg)
[1;32m      7[0m tavg [38;5;241m=[39m [38;5;241m1[39m[38;5;241m-[39mnorm[38;5;241m.[39mcdf(mu[38;5;241m+[39mx, mu, sigmaavg)[38;5;241m+[39mnorm[38;5;241m.[39mcdf(mu[38;5;241m-[39mx, mu, sigmaavg)

[0;31mNameError[0m: name 'norm' is not defined

